<?xml version="1.0" encoding="UTF-8"?>
<!-- Generated by org.testng.reporters.JUnitReportReporter -->
<testsuite hostname="JAIDAA" failures="0" tests="1" name="Main.Tesk3rd" time="1.909" errors="0" timestamp="2023-09-18T12:44:03 IDT" skipped="0">
  <testcase classname="Main.Tesk3rd" name="testExample" time="1.909"/>
</testsuite> <!-- Main.Tesk3rd -->
