<?xml version="1.0" encoding="UTF-8"?>
<!-- Generated by org.testng.reporters.JUnitReportReporter -->
<testsuite hostname="JAIDAA" failures="0" tests="1" name="Main.TC" time="27.199" errors="0" timestamp="2023-09-18T13:05:42 IDT" skipped="0">
  <testcase classname="Main.TC" name="testLogin" time="27.199"/>
</testsuite> <!-- Main.TC -->
